<?xml version="1.0" encoding="UTF-8"?>
<testsuite name="external.AuthenticationController_ExternalTest" tests="1" skipped="0" failures="0" errors="0" timestamp="2019-06-24T21:22:12" hostname="pavlo-OMEN-by-HP-Laptop" time="0.001">
  <properties/>
  <testcase name="stubTest" classname="external.AuthenticationController_ExternalTest" time="0.001"/>
  <system-out><![CDATA[]]></system-out>
  <system-err><![CDATA[]]></system-err>
</testsuite>
