<?xml version="1.0" encoding="UTF-8"?>
<testsuite name="external.MessageController_ExternalTest" tests="4" skipped="0" failures="0" errors="0" timestamp="2019-06-24T21:22:12" hostname="pavlo-OMEN-by-HP-Laptop" time="0.332">
  <properties/>
  <testcase name="sendWithValidTokenShouldSucceed" classname="external.MessageController_ExternalTest" time="0.001"/>
  <testcase name="sendWithInvalidTokenShouldFail" classname="external.MessageController_ExternalTest" time="0.266"/>
  <testcase name="loadReturnsValidStatusCode" classname="external.MessageController_ExternalTest" time="0.031"/>
  <testcase name="requestingToLoadReturnsMessageWithContent" classname="external.MessageController_ExternalTest" time="0.033"/>
  <system-out><![CDATA[00:22:12.784 [Test worker] DEBUG org.apache.http.client.protocol.RequestAddCookies - CookieSpec selected: default
00:22:12.791 [Test worker] DEBUG org.apache.http.client.protocol.RequestAuthCache - Auth cache not set in the context
00:22:12.792 [Test worker] DEBUG org.apache.http.impl.conn.PoolingHttpClientConnectionManager - Connection request: [route: {}->http://localhost:8080][total kept alive: 0; route allocated: 0 of 2; total allocated: 0 of 20]
00:22:12.799 [Test worker] DEBUG org.apache.http.impl.conn.PoolingHttpClientConnectionManager - Connection leased: [id: 0][route: {}->http://localhost:8080][total kept alive: 0; route allocated: 1 of 2; total allocated: 1 of 20]
00:22:12.800 [Test worker] DEBUG org.apache.http.impl.execchain.MainClientExec - Opening connection {}->http://localhost:8080
00:22:12.802 [Test worker] DEBUG org.apache.http.impl.conn.DefaultHttpClientConnectionOperator - Connecting to localhost/127.0.0.1:8080
00:22:12.804 [Test worker] DEBUG org.apache.http.impl.conn.DefaultHttpClientConnectionOperator - Connection established 127.0.0.1:48606<->127.0.0.1:8080
00:22:12.804 [Test worker] DEBUG org.apache.http.impl.execchain.MainClientExec - Executing request POST /send HTTP/1.1
00:22:12.804 [Test worker] DEBUG org.apache.http.impl.execchain.MainClientExec - Target auth state: UNCHALLENGED
00:22:12.805 [Test worker] DEBUG org.apache.http.impl.execchain.MainClientExec - Proxy auth state: UNCHALLENGED
00:22:12.806 [Test worker] DEBUG org.apache.http.headers - http-outgoing-0 >> POST /send HTTP/1.1
00:22:12.806 [Test worker] DEBUG org.apache.http.headers - http-outgoing-0 >> content-type: application/json
00:22:12.806 [Test worker] DEBUG org.apache.http.headers - http-outgoing-0 >> Content-Length: 65
00:22:12.806 [Test worker] DEBUG org.apache.http.headers - http-outgoing-0 >> Host: localhost:8080
00:22:12.806 [Test worker] DEBUG org.apache.http.headers - http-outgoing-0 >> Connection: Keep-Alive
00:22:12.806 [Test worker] DEBUG org.apache.http.headers - http-outgoing-0 >> User-Agent: Apache-HttpClient/4.5.8 (Java/1.8.0_212)
00:22:12.806 [Test worker] DEBUG org.apache.http.headers - http-outgoing-0 >> Accept-Encoding: gzip,deflate
00:22:12.807 [Test worker] DEBUG org.apache.http.wire - http-outgoing-0 >> "POST /send HTTP/1.1[\r][\n]"
00:22:12.807 [Test worker] DEBUG org.apache.http.wire - http-outgoing-0 >> "content-type: application/json[\r][\n]"
00:22:12.807 [Test worker] DEBUG org.apache.http.wire - http-outgoing-0 >> "Content-Length: 65[\r][\n]"
00:22:12.807 [Test worker] DEBUG org.apache.http.wire - http-outgoing-0 >> "Host: localhost:8080[\r][\n]"
00:22:12.807 [Test worker] DEBUG org.apache.http.wire - http-outgoing-0 >> "Connection: Keep-Alive[\r][\n]"
00:22:12.807 [Test worker] DEBUG org.apache.http.wire - http-outgoing-0 >> "User-Agent: Apache-HttpClient/4.5.8 (Java/1.8.0_212)[\r][\n]"
00:22:12.807 [Test worker] DEBUG org.apache.http.wire - http-outgoing-0 >> "Accept-Encoding: gzip,deflate[\r][\n]"
00:22:12.807 [Test worker] DEBUG org.apache.http.wire - http-outgoing-0 >> "[\r][\n]"
00:22:12.807 [Test worker] DEBUG org.apache.http.wire - http-outgoing-0 >> "{"content":"haha, did it","userAUTH":{"hashedSalts":"123123123"}}"
00:22:12.825 [Test worker] DEBUG org.apache.http.wire - http-outgoing-0 << "HTTP/1.1 200 [\r][\n]"
00:22:12.825 [Test worker] DEBUG org.apache.http.wire - http-outgoing-0 << "Content-Type: text/plain;charset=UTF-8[\r][\n]"
00:22:12.825 [Test worker] DEBUG org.apache.http.wire - http-outgoing-0 << "Content-Length: 49[\r][\n]"
00:22:12.825 [Test worker] DEBUG org.apache.http.wire - http-outgoing-0 << "Date: Mon, 24 Jun 2019 21:22:12 GMT[\r][\n]"
00:22:12.826 [Test worker] DEBUG org.apache.http.wire - http-outgoing-0 << "[\r][\n]"
00:22:12.826 [Test worker] DEBUG org.apache.http.wire - http-outgoing-0 << "An error has occured while processing the message"
00:22:12.827 [Test worker] DEBUG org.apache.http.headers - http-outgoing-0 << HTTP/1.1 200 
00:22:12.827 [Test worker] DEBUG org.apache.http.headers - http-outgoing-0 << Content-Type: text/plain;charset=UTF-8
00:22:12.827 [Test worker] DEBUG org.apache.http.headers - http-outgoing-0 << Content-Length: 49
00:22:12.827 [Test worker] DEBUG org.apache.http.headers - http-outgoing-0 << Date: Mon, 24 Jun 2019 21:22:12 GMT
00:22:12.830 [Test worker] DEBUG org.apache.http.impl.execchain.MainClientExec - Connection can be kept alive indefinitely
00:22:12.832 [Test worker] DEBUG org.apache.http.impl.conn.PoolingHttpClientConnectionManager - Connection [id: 0][route: {}->http://localhost:8080] can be kept alive indefinitely
00:22:12.832 [Test worker] DEBUG org.apache.http.impl.conn.DefaultManagedHttpClientConnection - http-outgoing-0: set socket timeout to 0
00:22:12.832 [Test worker] DEBUG org.apache.http.impl.conn.PoolingHttpClientConnectionManager - Connection released: [id: 0][route: {}->http://localhost:8080][total kept alive: 1; route allocated: 1 of 2; total allocated: 1 of 20]
00:22:12.837 [Test worker] DEBUG org.apache.http.client.protocol.RequestAddCookies - CookieSpec selected: default
00:22:12.837 [Test worker] DEBUG org.apache.http.client.protocol.RequestAuthCache - Auth cache not set in the context
00:22:12.837 [Test worker] DEBUG org.apache.http.impl.conn.PoolingHttpClientConnectionManager - Connection request: [route: {}->http://localhost:8080][total kept alive: 0; route allocated: 0 of 2; total allocated: 0 of 20]
00:22:12.844 [Test worker] DEBUG org.apache.http.impl.conn.PoolingHttpClientConnectionManager - Connection leased: [id: 1][route: {}->http://localhost:8080][total kept alive: 0; route allocated: 1 of 2; total allocated: 1 of 20]
00:22:12.844 [Test worker] DEBUG org.apache.http.impl.execchain.MainClientExec - Opening connection {}->http://localhost:8080
00:22:12.844 [Test worker] DEBUG org.apache.http.impl.conn.DefaultHttpClientConnectionOperator - Connecting to localhost/127.0.0.1:8080
00:22:12.844 [Finalizer] DEBUG org.apache.http.impl.conn.PoolingHttpClientConnectionManager - Connection manager is shutting down
00:22:12.844 [Test worker] DEBUG org.apache.http.impl.conn.DefaultHttpClientConnectionOperator - Connection established 127.0.0.1:48610<->127.0.0.1:8080
00:22:12.844 [Finalizer] DEBUG org.apache.http.impl.conn.DefaultManagedHttpClientConnection - http-outgoing-0: Close connection
00:22:12.844 [Test worker] DEBUG org.apache.http.impl.execchain.MainClientExec - Executing request GET /load HTTP/1.1
00:22:12.845 [Test worker] DEBUG org.apache.http.impl.execchain.MainClientExec - Target auth state: UNCHALLENGED
00:22:12.845 [Finalizer] DEBUG org.apache.http.impl.conn.PoolingHttpClientConnectionManager - Connection manager shut down
00:22:12.845 [Test worker] DEBUG org.apache.http.impl.execchain.MainClientExec - Proxy auth state: UNCHALLENGED
00:22:12.845 [Test worker] DEBUG org.apache.http.headers - http-outgoing-1 >> GET /load HTTP/1.1
00:22:12.845 [Test worker] DEBUG org.apache.http.headers - http-outgoing-1 >> Host: localhost:8080
00:22:12.845 [Test worker] DEBUG org.apache.http.headers - http-outgoing-1 >> Connection: Keep-Alive
00:22:12.845 [Test worker] DEBUG org.apache.http.headers - http-outgoing-1 >> User-Agent: Apache-HttpClient/4.5.8 (Java/1.8.0_212)
00:22:12.845 [Test worker] DEBUG org.apache.http.headers - http-outgoing-1 >> Accept-Encoding: gzip,deflate
00:22:12.845 [Test worker] DEBUG org.apache.http.wire - http-outgoing-1 >> "GET /load HTTP/1.1[\r][\n]"
00:22:12.845 [Test worker] DEBUG org.apache.http.wire - http-outgoing-1 >> "Host: localhost:8080[\r][\n]"
00:22:12.845 [Test worker] DEBUG org.apache.http.wire - http-outgoing-1 >> "Connection: Keep-Alive[\r][\n]"
00:22:12.846 [Test worker] DEBUG org.apache.http.wire - http-outgoing-1 >> "User-Agent: Apache-HttpClient/4.5.8 (Java/1.8.0_212)[\r][\n]"
00:22:12.846 [Test worker] DEBUG org.apache.http.wire - http-outgoing-1 >> "Accept-Encoding: gzip,deflate[\r][\n]"
00:22:12.846 [Test worker] DEBUG org.apache.http.wire - http-outgoing-1 >> "[\r][\n]"
00:22:12.861 [Test worker] DEBUG org.apache.http.wire - http-outgoing-1 << "HTTP/1.1 200 [\r][\n]"
00:22:12.861 [Test worker] DEBUG org.apache.http.wire - http-outgoing-1 << "Content-Type: application/json;charset=UTF-8[\r][\n]"
00:22:12.861 [Test worker] DEBUG org.apache.http.wire - http-outgoing-1 << "Transfer-Encoding: chunked[\r][\n]"
00:22:12.861 [Test worker] DEBUG org.apache.http.wire - http-outgoing-1 << "Date: Mon, 24 Jun 2019 21:22:12 GMT[\r][\n]"
00:22:12.862 [Test worker] DEBUG org.apache.http.wire - http-outgoing-1 << "[\r][\n]"
00:22:12.862 [Test worker] DEBUG org.apache.http.wire - http-outgoing-1 << "78[\r][\n]"
00:22:12.862 [Test worker] DEBUG org.apache.http.wire - http-outgoing-1 << "[{"nickname":"day","content":"{message4 ' DROP TABLE *; --}"},{"nickname":"day","content":"SOOBT IMPBM ALSOO PPT XJLT"}][\r][\n]"
00:22:12.862 [Test worker] DEBUG org.apache.http.headers - http-outgoing-1 << HTTP/1.1 200 
00:22:12.862 [Test worker] DEBUG org.apache.http.headers - http-outgoing-1 << Content-Type: application/json;charset=UTF-8
00:22:12.862 [Test worker] DEBUG org.apache.http.headers - http-outgoing-1 << Transfer-Encoding: chunked
00:22:12.862 [Test worker] DEBUG org.apache.http.headers - http-outgoing-1 << Date: Mon, 24 Jun 2019 21:22:12 GMT
00:22:12.863 [Test worker] DEBUG org.apache.http.impl.execchain.MainClientExec - Connection can be kept alive indefinitely
00:22:12.867 [Test worker] DEBUG org.apache.http.client.protocol.RequestAddCookies - CookieSpec selected: default
00:22:12.867 [Test worker] DEBUG org.apache.http.client.protocol.RequestAuthCache - Auth cache not set in the context
00:22:12.867 [Test worker] DEBUG org.apache.http.impl.conn.PoolingHttpClientConnectionManager - Connection request: [route: {}->http://localhost:8080][total kept alive: 0; route allocated: 0 of 2; total allocated: 0 of 20]
00:22:12.867 [Test worker] DEBUG org.apache.http.impl.conn.PoolingHttpClientConnectionManager - Connection leased: [id: 2][route: {}->http://localhost:8080][total kept alive: 0; route allocated: 1 of 2; total allocated: 1 of 20]
00:22:12.867 [Test worker] DEBUG org.apache.http.impl.execchain.MainClientExec - Opening connection {}->http://localhost:8080
00:22:12.867 [Test worker] DEBUG org.apache.http.impl.conn.DefaultHttpClientConnectionOperator - Connecting to localhost/127.0.0.1:8080
00:22:12.867 [Test worker] DEBUG org.apache.http.impl.conn.DefaultHttpClientConnectionOperator - Connection established 127.0.0.1:48614<->127.0.0.1:8080
00:22:12.867 [Test worker] DEBUG org.apache.http.impl.execchain.MainClientExec - Executing request GET /load HTTP/1.1
00:22:12.867 [Test worker] DEBUG org.apache.http.impl.execchain.MainClientExec - Target auth state: UNCHALLENGED
00:22:12.868 [Test worker] DEBUG org.apache.http.impl.execchain.MainClientExec - Proxy auth state: UNCHALLENGED
00:22:12.868 [Test worker] DEBUG org.apache.http.headers - http-outgoing-2 >> GET /load HTTP/1.1
00:22:12.868 [Test worker] DEBUG org.apache.http.headers - http-outgoing-2 >> Host: localhost:8080
00:22:12.868 [Test worker] DEBUG org.apache.http.headers - http-outgoing-2 >> Connection: Keep-Alive
00:22:12.868 [Test worker] DEBUG org.apache.http.headers - http-outgoing-2 >> User-Agent: Apache-HttpClient/4.5.8 (Java/1.8.0_212)
00:22:12.868 [Test worker] DEBUG org.apache.http.headers - http-outgoing-2 >> Accept-Encoding: gzip,deflate
00:22:12.868 [Test worker] DEBUG org.apache.http.wire - http-outgoing-2 >> "GET /load HTTP/1.1[\r][\n]"
00:22:12.868 [Test worker] DEBUG org.apache.http.wire - http-outgoing-2 >> "Host: localhost:8080[\r][\n]"
00:22:12.868 [Test worker] DEBUG org.apache.http.wire - http-outgoing-2 >> "Connection: Keep-Alive[\r][\n]"
00:22:12.868 [Test worker] DEBUG org.apache.http.wire - http-outgoing-2 >> "User-Agent: Apache-HttpClient/4.5.8 (Java/1.8.0_212)[\r][\n]"
00:22:12.868 [Test worker] DEBUG org.apache.http.wire - http-outgoing-2 >> "Accept-Encoding: gzip,deflate[\r][\n]"
00:22:12.868 [Test worker] DEBUG org.apache.http.wire - http-outgoing-2 >> "[\r][\n]"
00:22:12.882 [Test worker] DEBUG org.apache.http.wire - http-outgoing-2 << "HTTP/1.1 200 [\r][\n]"
00:22:12.882 [Test worker] DEBUG org.apache.http.wire - http-outgoing-2 << "Content-Type: application/json;charset=UTF-8[\r][\n]"
00:22:12.882 [Test worker] DEBUG org.apache.http.wire - http-outgoing-2 << "Transfer-Encoding: chunked[\r][\n]"
00:22:12.882 [Test worker] DEBUG org.apache.http.wire - http-outgoing-2 << "Date: Mon, 24 Jun 2019 21:22:12 GMT[\r][\n]"
00:22:12.882 [Test worker] DEBUG org.apache.http.wire - http-outgoing-2 << "[\r][\n]"
00:22:12.882 [Test worker] DEBUG org.apache.http.wire - http-outgoing-2 << "78[\r][\n]"
00:22:12.882 [Test worker] DEBUG org.apache.http.wire - http-outgoing-2 << "[{"nickname":"day","content":"{message4 ' DROP TABLE *; --}"},{"nickname":"day","content":"SOOBT IMPBM ALSOO PPT XJLT"}][\r][\n]"
00:22:12.883 [Test worker] DEBUG org.apache.http.headers - http-outgoing-2 << HTTP/1.1 200 
00:22:12.883 [Test worker] DEBUG org.apache.http.headers - http-outgoing-2 << Content-Type: application/json;charset=UTF-8
00:22:12.883 [Test worker] DEBUG org.apache.http.headers - http-outgoing-2 << Transfer-Encoding: chunked
00:22:12.883 [Test worker] DEBUG org.apache.http.headers - http-outgoing-2 << Date: Mon, 24 Jun 2019 21:22:12 GMT
00:22:12.883 [Test worker] DEBUG org.apache.http.impl.execchain.MainClientExec - Connection can be kept alive indefinitely
00:22:12.896 [Test worker] DEBUG org.apache.http.wire - http-outgoing-2 << "0[\r][\n]"
00:22:12.896 [Test worker] DEBUG org.apache.http.wire - http-outgoing-2 << "[\r][\n]"
00:22:12.896 [Test worker] DEBUG org.apache.http.impl.conn.PoolingHttpClientConnectionManager - Connection [id: 2][route: {}->http://localhost:8080] can be kept alive indefinitely
00:22:12.897 [Test worker] DEBUG org.apache.http.impl.conn.DefaultManagedHttpClientConnection - http-outgoing-2: set socket timeout to 0
00:22:12.897 [Test worker] DEBUG org.apache.http.impl.conn.PoolingHttpClientConnectionManager - Connection released: [id: 2][route: {}->http://localhost:8080][total kept alive: 1; route allocated: 1 of 2; total allocated: 1 of 20]
]]></system-out>
  <system-err><![CDATA[]]></system-err>
</testsuite>
